<?xml version="1.0" encoding="UTF-8"?>
<testng-results ignored="0" total="3" passed="3" failed="0" skipped="0">
  <reporter-output>
  </reporter-output>
  <suite started-at="2024-05-20T21:19:37 IST" name="Suite" finished-at="2024-05-20T21:19:38 IST" duration-ms="860">
    <groups>
    </groups>
    <test started-at="2024-05-20T21:19:37 IST" name="Test" finished-at="2024-05-20T21:19:38 IST" duration-ms="860">
      <class name="Pages.DemoOne">
        <test-method is-config="true" signature="one_Tests_Before()[pri:0, instance:Pages.DemoOne@75d3a5e0]" started-at="2024-05-20T21:19:38 IST" name="one_Tests_Before" finished-at="2024-05-20T21:19:38 IST" duration-ms="31" status="PASS">
          <reporter-output>
          </reporter-output>
        </test-method> <!-- one_Tests_Before -->
        <test-method is-config="true" signature="one_Test_Before()[pri:0, instance:Pages.DemoOne@75d3a5e0]" started-at="2024-05-20T21:19:38 IST" name="one_Test_Before" finished-at="2024-05-20T21:19:38 IST" duration-ms="1" status="PASS">
          <reporter-output>
          </reporter-output>
        </test-method> <!-- one_Test_Before -->
        <test-method is-config="true" signature="one_Test_Method_Before()[pri:0, instance:Pages.DemoOne@75d3a5e0]" started-at="2024-05-20T21:19:38 IST" name="one_Test_Method_Before" finished-at="2024-05-20T21:19:38 IST" duration-ms="2" status="PASS">
          <reporter-output>
          </reporter-output>
        </test-method> <!-- one_Test_Method_Before -->
        <test-method signature="one_Test()[pri:0, instance:Pages.DemoOne@75d3a5e0]" started-at="2024-05-20T21:19:38 IST" name="one_Test" finished-at="2024-05-20T21:19:38 IST" duration-ms="25" status="PASS">
          <reporter-output>
          </reporter-output>
        </test-method> <!-- one_Test -->
        <test-method is-config="true" signature="one_Test_After_Before()[pri:0, instance:Pages.DemoOne@75d3a5e0]" started-at="2024-05-20T21:19:38 IST" name="one_Test_After_Before" finished-at="2024-05-20T21:19:38 IST" duration-ms="2" status="PASS">
          <reporter-output>
          </reporter-output>
        </test-method> <!-- one_Test_After_Before -->
        <test-method is-config="true" signature="one_Test_Method_Before()[pri:0, instance:Pages.DemoOne@75d3a5e0]" started-at="2024-05-20T21:19:38 IST" name="one_Test_Method_Before" finished-at="2024-05-20T21:19:38 IST" duration-ms="1" status="PASS">
          <reporter-output>
          </reporter-output>
        </test-method> <!-- one_Test_Method_Before -->
        <test-method signature="two_Test()[pri:0, instance:Pages.DemoOne@75d3a5e0]" started-at="2024-05-20T21:19:38 IST" name="two_Test" finished-at="2024-05-20T21:19:38 IST" duration-ms="4" status="PASS">
          <reporter-output>
          </reporter-output>
        </test-method> <!-- two_Test -->
        <test-method is-config="true" signature="one_Test_After_Before()[pri:0, instance:Pages.DemoOne@75d3a5e0]" started-at="2024-05-20T21:19:38 IST" name="one_Test_After_Before" finished-at="2024-05-20T21:19:38 IST" duration-ms="1" status="PASS">
          <reporter-output>
          </reporter-output>
        </test-method> <!-- one_Test_After_Before -->
        <test-method is-config="true" signature="one_Test_After()[pri:0, instance:Pages.DemoOne@75d3a5e0]" started-at="2024-05-20T21:19:38 IST" name="one_Test_After" finished-at="2024-05-20T21:19:38 IST" duration-ms="1" status="PASS">
          <reporter-output>
          </reporter-output>
        </test-method> <!-- one_Test_After -->
        <test-method is-config="true" signature="one_Tests_After()[pri:0, instance:Pages.DemoOne@75d3a5e0]" started-at="2024-05-20T21:19:38 IST" name="one_Tests_After" finished-at="2024-05-20T21:19:38 IST" duration-ms="6" status="PASS">
          <reporter-output>
          </reporter-output>
        </test-method> <!-- one_Tests_After -->
      </class> <!-- Pages.DemoOne -->
      <class name="Pages.DemoTwo">
        <test-method signature="one_Test()[pri:0, instance:Pages.DemoTwo@5149d738]" started-at="2024-05-20T21:19:38 IST" name="one_Test" finished-at="2024-05-20T21:19:38 IST" duration-ms="3" status="PASS">
          <reporter-output>
          </reporter-output>
        </test-method> <!-- one_Test -->
      </class> <!-- Pages.DemoTwo -->
    </test> <!-- Test -->
  </suite> <!-- Suite -->
</testng-results>
